LEADING ORDER RESULTS FOR TOPCOLOR MODEL IV SCENARIO
mass (GeV) width (%) cos^2(theta_H) cos(theta_H) BR(Z'->ttbar) sigma (pb)
400.0 1.2 1.76501492347 1.32853864207 0.257688464166 sigma: 70.287552945 pb
450.0 1.2 1.67993663725 1.29612369674 0.293469800898 sigma: 53.856149837 pb
500.0 1.2 1.64201373873 1.28141083917 0.309419017343 sigma: 40.1252717501 pb
550.0 1.2 1.62190587874 1.27354068594 0.317875771013 sigma: 30.0660356928 pb
600.0 1.2 1.6101608062 1.26892111898 0.322815390912 sigma: 22.7880753948 pb
650.0 1.2 1.60283887905 1.26603273222 0.325894770535 sigma: 17.5006941774 pb
700.0 1.2 1.59804895575 1.26413961086 0.327909266428 sigma: 13.6063975562 pb
750.0 1.2 1.59479480107 1.26285185238 0.329277864806 sigma: 10.7025592052 pb
800.0 1.2 1.59251498173 1.26194888238 0.330236687405 sigma: 8.50358707181 pb
850.0 1.2 1.59087619272 1.26129940645 0.330925912165 sigma: 6.82385702595 pb
900.0 1.2 1.58967209966 1.26082199365 0.331432317044 sigma: 5.52174866523 pb
950.0 1.2 1.58877045942 1.26046438245 0.331811519474 sigma: 4.50339348416 pb
1000.0 1.2 1.5880839857 1.26019204318 0.332100229421 sigma: 3.69900238076 pb
1050.0 1.2 1.58755358652 1.25998158182 0.332323299167 sigma: 3.05780988669 pb
1100.0 1.2 1.58713836119 1.25981679668 0.332497930296 sigma: 2.54302237737 pb
1150.0 1.2 1.58680944072 1.25968624694 0.332636264232 sigma: 2.12631287893 pb
1200.0 1.2 1.58654608978 1.25958171223 0.332747021621 sigma: 1.78659474437 pb
1250.0 1.2 1.58633317979 1.25949719324 0.332836565079 sigma: 1.50806798183 pb
1300.0 1.2 1.58615951527 1.25942824935 0.332909603088 sigma: 1.27843255117 pb
1350.0 1.2 1.58601670376 1.25937155111 0.332969665262 sigma: 1.08788001293 pb
1400.0 1.2 1.58589837941 1.2593245727 0.333019428878 sigma: 0.929109533649 pb
1450.0 1.2 1.58579966106 1.25928537713 0.333060946812 sigma: 0.796217507516 pb
1500.0 1.2 1.58571676839 1.25925246412 0.333095808946 sigma: 0.684451508485 pb
1550.0 1.2 1.5856467465 1.25922466085 0.333125258018 sigma: 0.590057531409 pb
1600.0 1.2 1.58558726583 1.25920104266 0.33315027378 sigma: 0.510085667246 pb
1650.0 1.2 1.58553647504 1.25918087463 0.333171634838 sigma: 0.442099317752 pb
1700.0 1.2 1.58549289191 1.25916356837 0.333189964575 sigma: 0.384063861926 pb
1750.0 1.2 1.5854553214 1.25914864945 0.333205765588 sigma: 0.334388285018 pb
1800.0 1.2 1.5854227937 1.25913573283 0.333219445749 sigma: 0.291767207179 pb
1850.0 1.2 1.58539451692 1.25912450414 0.333231338099 sigma: 0.255091067966 pb
1900.0 1.2 1.58536984074 1.25911470515 0.333241716153 sigma: 0.223427572108 pb
1950.0 1.2 1.58534822809 1.25910612265 0.333250805773 sigma: 0.196040358877 pb
2000.0 1.2 1.58532923323 1.25909857963 0.333258794434 sigma: 0.172299333764 pb
2050.0 1.2 1.58531248433 1.25909192847 0.33326583851 sigma: 0.151671899373 pb
2100.0 1.2 1.58529766983 1.25908604544 0.33327206904 sigma: 0.133713159776 pb
2150.0 1.2 1.58528452746 1.25908082642 0.333277596317 sigma: 0.118047496225 pb
2200.0 1.2 1.58527283559 1.2590761834 0.333282513562 sigma: 0.104356899583 pb
2250.0 1.2 1.58526240613 1.25907204167 0.333286899879 sigma: 0.0923739492669 pb
2300.0 1.2 1.58525307884 1.25906833764 0.333290822651 sigma: 0.0818641263833 pb
2350.0 1.2 1.58524471677 1.25906501689 0.333294339484 sigma: 0.0726309790224 pb
2400.0 1.2 1.58523720241 1.25906203279 0.333297499795 sigma: 0.0645111330122 pb
2450.0 1.2 1.58523043462 1.25905934516 0.333300346118 sigma: 0.0573617805457 pb
2500.0 1.2 1.58522432609 1.25905691932 0.333302915181 sigma: 0.0510543839336 pb
2550.0 1.2 1.58521880118 1.25905472525 0.333305238791 sigma: 0.0454837971998 pb
2600.0 1.2 1.5852137942 1.25905273686 0.333307344575 sigma: 0.0405575846644 pb
2650.0 1.2 1.58520924792 1.25905093143 0.333309256599 sigma: 0.0361962915477 pb
2700.0 1.2 1.58520511239 1.2590492891 0.333310995881 sigma: 0.0323315336375 pb
2750.0 1.2 1.58520134382 1.25904779251 0.333312580823 sigma: 0.0289022800871 pb
2800.0 1.2 1.58519790382 1.2590464264 0.333314027583 sigma: 0.0258563446529 pb
2850.0 1.2 1.58519475859 1.25904517734 0.333315350374 sigma: 0.0231481034768 pb
2900.0 1.2 1.5851918783 1.2590440335 0.333316561734 sigma: 0.0207392169618 pb
2950.0 1.2 1.58518923662 1.25904298442 0.333317672746 sigma: 0.01859383437 pb
3000.0 1.2 1.58518681019 1.25904202082 0.333318693226 sigma: 0.0166807659717 pb
3050.0 1.2 1.58518457831 1.25904113448 0.333319631887 sigma: 0.0149736387675 pb
3100.0 1.2 1.58518252254 1.25904031808 0.33332049648 sigma: 0.0134497177848 pb
3150.0 1.2 1.58518062647 1.25903956509 0.333321293913 sigma: 0.0120880324726 pb
3200.0 1.2 1.58517887542 1.2590388697 0.333322030351 sigma: 0.0108704332065 pb
3250.0 1.2 1.58517725628 1.2590382267 0.33332271131 sigma: 0.00978090156123 pb
3300.0 1.2 1.58517575731 1.25903763141 0.333323341734 sigma: 0.00880530882813 pb
3350.0 1.2 1.58517436794 1.25903707965 0.333323926057 sigma: 0.00793117837331 pb
3400.0 1.2 1.58517307871 1.25903656766 0.333324468269 sigma: 0.00714749669996 pb
3450.0 1.2 1.58517188107 1.25903609204 0.33332497196 sigma: 0.0064443982831 pb
3500.0 1.2 1.58517076732 1.25903564974 0.333325440369 sigma: 0.00581331970537 pb
3550.0 1.2 1.58516973051 1.25903523799 0.333325876422 sigma: 0.00524655003233 pb
3600.0 1.2 1.58516876433 1.2590348543 0.333326282765 sigma: 0.00473725363972 pb
3650.0 1.2 1.5851678631 1.25903449639 0.333326661795 sigma: 0.00427938273459 pb
3700.0 1.2 1.58516702165 1.25903416222 0.333327015687 sigma: 0.00386757047984 pb
3750.0 1.2 1.58516623526 1.25903384993 0.333327346414 sigma: 0.00349686535721 pb
3800.0 1.2 1.58516549969 1.25903355781 0.333327655775 sigma: 0.00316314331545 pb
3850.0 1.2 1.58516481103 1.25903328432 0.333327945404 sigma: 0.00286253353781 pb
3900.0 1.2 1.58516416574 1.25903302806 0.333328216793 sigma: 0.0025916719269 pb
3950.0 1.2 1.58516356058 1.25903278773 0.333328471304 sigma: 0.00234755850058 pb
4000.0 1.2 1.5851629926 1.25903256217 0.33332871018 sigma: 0.00212729713173 pb
 *************************************
 *       LHAPDF Version 5.8.9        *
 *   Configured for the following:   *
 *             All PDFs              *
 *         FULL MEMORY option        *
 *    Maximum  3 concurrent set(s)   *
 *************************************

 >>>>>> PDF description: <<<<<<
 CTEQ6L1 - LO with LO alpha_s                                    
 Reference:                                                      
 J. Pumplin, D.R. Stump, J. Huston, H.L. Lai, P. Nadolsky,       
 W.K. Tung                                                       
 hep-ph/0201195                                                  
 >>>>>>                   <<<<<<

 Parametrization: CTEQ6           

